{
  "stats": {
    "suites": 7,
    "tests": 9,
    "passes": 6,
    "pending": 0,
    "failures": 3,
    "start": "2018-09-17T18:31:11.862Z",
    "end": "2018-09-17T18:31:49.306Z",
    "duration": 37444,
    "testsRegistered": 9,
    "passPercent": 66.7,
    "pendingPercent": 0,
    "other": 0,
    "hasOther": false,
    "skipped": 0,
    "hasSkipped": false,
    "passPercentClass": "warning",
    "pendingPercentClass": "danger"
  },
  "suites": {
    "uuid": "a65ecfa4-e870-4a5b-9b9c-d85939662caa",
    "title": "",
    "fullFile": "",
    "file": "",
    "beforeHooks": [],
    "afterHooks": [],
    "tests": [],
    "suites": [
      {
        "uuid": "0d5ffdf0-dec0-4848-9aca-432868e40072",
        "title": "Teste localhost VueJS",
        "fullFile": "",
        "file": "",
        "beforeHooks": [],
        "afterHooks": [],
        "tests": [],
        "suites": [
          {
            "uuid": "03e5c41f-bc49-4ca5-966d-b6ffe9cc2d34",
            "title": "/Login_pass",
            "fullFile": "",
            "file": "",
            "beforeHooks": [],
            "afterHooks": [],
            "tests": [
              {
                "title": "/Email_correto",
                "fullTitle": "Teste localhost VueJS /Login_pass /Email_correto",
                "duration": 4381,
                "state": "passed",
                "speed": "slow",
                "pass": true,
                "fail": false,
                "pending": false,
                "code": "//Conta Email:admin@gmail.com pass: 123456789\ncy //insert correct email\n.get('#staticEmail').type('admin@gmail.com') //click submit\n.get('.btn').click() //verify log out button\n.get(':nth-child(1) > #passwordHelp').should('be.visible') //verify span error\n.contains('O formato do email está correto');",
                "err": {},
                "isRoot": false,
                "uuid": "d49fafed-3568-4dd8-83bf-c475e6546b9c",
                "isHook": false,
                "skipped": false
              },
              {
                "title": "/Senha_Correta",
                "fullTitle": "Teste localhost VueJS /Login_pass /Senha_Correta",
                "duration": 777,
                "state": "passed",
                "speed": "slow",
                "pass": true,
                "fail": false,
                "pending": false,
                "code": "cy //insert correct pass\n.get('#inputPassword').type('123456789') //click submit\n.get('.btn').click() //verify span error\n.get('#passwordHelp').should('be.visible');",
                "err": {},
                "isRoot": false,
                "uuid": "022c83c9-3d33-4533-a098-9d03e184fae2",
                "isHook": false,
                "skipped": false
              }
            ],
            "suites": [],
            "passes": [
              "d49fafed-3568-4dd8-83bf-c475e6546b9c",
              "022c83c9-3d33-4533-a098-9d03e184fae2"
            ],
            "failures": [],
            "pending": [],
            "skipped": [],
            "duration": 5158,
            "root": false,
            "rootEmpty": false,
            "_timeout": 2000
          }
        ],
        "passes": [],
        "failures": [],
        "pending": [],
        "skipped": [],
        "duration": 0,
        "root": false,
        "rootEmpty": false,
        "_timeout": 2000
      },
      {
        "uuid": "07a8869c-a0e9-47e5-b4b0-a8082da472e6",
        "title": "Teste VueJS - Fluxo Alternativo",
        "fullFile": "",
        "file": "",
        "beforeHooks": [],
        "afterHooks": [],
        "tests": [],
        "suites": [
          {
            "uuid": "c804b735-2fcf-46e3-9e6c-e4ecac990dee",
            "title": "/Login_fail_campos_vazios",
            "fullFile": "",
            "file": "",
            "beforeHooks": [],
            "afterHooks": [],
            "tests": [
              {
                "title": "/Email_vazio",
                "fullTitle": "Teste VueJS - Fluxo Alternativo /Login_fail_campos_vazios /Email_vazio",
                "duration": 3532,
                "state": "passed",
                "speed": "slow",
                "pass": true,
                "fail": false,
                "pending": false,
                "code": "cy //insert empty email\n.get('#staticEmail').type('aa') //clear values from email\n.clear() //click submit\n.get('.btn').click() //expect message error\n.get(':nth-child(1) > #passwordHelp').should('be.visible') //with this value\n.contains('O email está vazio');",
                "err": {},
                "isRoot": false,
                "uuid": "37d73998-cde6-430e-a2ed-52302da49950",
                "isHook": false,
                "skipped": false
              },
              {
                "title": "/Senha_vazia",
                "fullTitle": "Teste VueJS - Fluxo Alternativo /Login_fail_campos_vazios /Senha_vazia",
                "duration": 4568,
                "state": "failed",
                "pass": false,
                "fail": true,
                "pending": false,
                "code": "cy //insert empty pass\n.get('#inputPassword') //click submit\n.get('.btn').click() //expect message error\n.get('#passwordHelp').should('be.visible') //with this value\n.contains('A senha está vazio');",
                "err": {
                  "message": "CypressError: Timed out retrying: Expected to find content: 'A senha está vazio' within the element: <small#passwordHelp.form-text.text-success.active.text-danger> but never did.",
                  "estack": "CypressError: Timed out retrying: Expected to find content: 'A senha está vazio' within the element: <small#passwordHelp.form-text.text-success.active.text-danger> but never did.\n    at Object.cypressErr (http://localhost:8080/__cypress/runner/cypress_runner.js:68040:11)\n    at Object.throwErr (http://localhost:8080/__cypress/runner/cypress_runner.js:68005:18)\n    at Object.throwErrByPath (http://localhost:8080/__cypress/runner/cypress_runner.js:68032:17)\n    at retry (http://localhost:8080/__cypress/runner/cypress_runner.js:61785:16)\n    at http://localhost:8080/__cypress/runner/cypress_runner.js:53903:18\n    at tryCatcher (http://localhost:8080/__cypress/runner/cypress_runner.js:7091:23)\n    at Promise._settlePromiseFromHandler (http://localhost:8080/__cypress/runner/cypress_runner.js:5113:31)\n    at Promise._settlePromise (http://localhost:8080/__cypress/runner/cypress_runner.js:5170:18)\n    at Promise._settlePromise0 (http://localhost:8080/__cypress/runner/cypress_runner.js:5215:10)\n    at Promise._settlePromises (http://localhost:8080/__cypress/runner/cypress_runner.js:5290:18)\n    at Async._drainQueue (http://localhost:8080/__cypress/runner/cypress_runner.js:2023:16)\n    at Async._drainQueues (http://localhost:8080/__cypress/runner/cypress_runner.js:2033:10)\n    at Async.drainQueues (http://localhost:8080/__cypress/runner/cypress_runner.js:1907:14)\n    at <anonymous>"
                },
                "isRoot": false,
                "uuid": "c5ba7a0c-7e6d-4ece-94bf-a923786b2751",
                "isHook": false,
                "skipped": false
              }
            ],
            "suites": [],
            "passes": [
              "37d73998-cde6-430e-a2ed-52302da49950"
            ],
            "failures": [
              "c5ba7a0c-7e6d-4ece-94bf-a923786b2751"
            ],
            "pending": [],
            "skipped": [],
            "duration": 8100,
            "root": false,
            "rootEmpty": false,
            "_timeout": 2000
          },
          {
            "uuid": "4a002909-61bc-4771-ba1d-492ea4ffe428",
            "title": "/Login_fail",
            "fullFile": "",
            "file": "",
            "beforeHooks": [],
            "afterHooks": [],
            "tests": [
              {
                "title": "/Email_n_formatado",
                "fullTitle": "Teste VueJS - Fluxo Alternativo /Login_fail /Email_n_formatado",
                "duration": 3578,
                "state": "passed",
                "speed": "slow",
                "pass": true,
                "fail": false,
                "pending": false,
                "code": "cy //insert not formated email\n.get('#staticEmail').type('aa') //click submit\n.get('.btn').click() //expect message error\n.get(':nth-child(1) > #passwordHelp').should('be.visible') //with this value\n.contains('O formato do email está incorreto');",
                "err": {},
                "isRoot": false,
                "uuid": "ccc50bd8-476f-48bc-9c98-fc67077b7d33",
                "isHook": false,
                "skipped": false
              },
              {
                "title": "/Senha_menor_8",
                "fullTitle": "Teste VueJS - Fluxo Alternativo /Login_fail /Senha_menor_8",
                "duration": 5018,
                "state": "failed",
                "pass": false,
                "fail": true,
                "pending": false,
                "code": "cy //insert pass with 6 elements, expect 8\n.get('#inputPassword').type('123456') //click submit\n.get('.btn').click() //expect message error\n.get('#passwordHelp').should('be.visible') //with this value\n.contains('A senha deve conter mais de 8 caracteres');",
                "err": {
                  "message": "CypressError: Timed out retrying: Expected to find content: 'A senha deve conter mais de 8 caracteres' within the element: <small#passwordHelp.form-text.text-success.active.text-danger> but never did.",
                  "estack": "CypressError: Timed out retrying: Expected to find content: 'A senha deve conter mais de 8 caracteres' within the element: <small#passwordHelp.form-text.text-success.active.text-danger> but never did.\n    at Object.cypressErr (http://localhost:8080/__cypress/runner/cypress_runner.js:68040:11)\n    at Object.throwErr (http://localhost:8080/__cypress/runner/cypress_runner.js:68005:18)\n    at Object.throwErrByPath (http://localhost:8080/__cypress/runner/cypress_runner.js:68032:17)\n    at retry (http://localhost:8080/__cypress/runner/cypress_runner.js:61785:16)\n    at http://localhost:8080/__cypress/runner/cypress_runner.js:53903:18\n    at tryCatcher (http://localhost:8080/__cypress/runner/cypress_runner.js:7091:23)\n    at Promise._settlePromiseFromHandler (http://localhost:8080/__cypress/runner/cypress_runner.js:5113:31)\n    at Promise._settlePromise (http://localhost:8080/__cypress/runner/cypress_runner.js:5170:18)\n    at Promise._settlePromise0 (http://localhost:8080/__cypress/runner/cypress_runner.js:5215:10)\n    at Promise._settlePromises (http://localhost:8080/__cypress/runner/cypress_runner.js:5290:18)\n    at Async._drainQueue (http://localhost:8080/__cypress/runner/cypress_runner.js:2023:16)\n    at Async._drainQueues (http://localhost:8080/__cypress/runner/cypress_runner.js:2033:10)\n    at Async.drainQueues (http://localhost:8080/__cypress/runner/cypress_runner.js:1907:14)\n    at <anonymous>"
                },
                "isRoot": false,
                "uuid": "97b740b0-a63c-4c13-a1b8-bfe3f7f03178",
                "isHook": false,
                "skipped": false
              }
            ],
            "suites": [],
            "passes": [
              "ccc50bd8-476f-48bc-9c98-fc67077b7d33"
            ],
            "failures": [
              "97b740b0-a63c-4c13-a1b8-bfe3f7f03178"
            ],
            "pending": [],
            "skipped": [],
            "duration": 8596,
            "root": false,
            "rootEmpty": false,
            "_timeout": 2000
          },
          {
            "uuid": "087a8d43-5569-40a1-93af-9cc769f69dcb",
            "title": "Conta_n_existe",
            "fullFile": "",
            "file": "",
            "beforeHooks": [],
            "afterHooks": [],
            "tests": [
              {
                "title": "/Email_n_formatado",
                "fullTitle": "Teste VueJS - Fluxo Alternativo Conta_n_existe /Email_n_formatado",
                "duration": 1175,
                "state": "passed",
                "speed": "slow",
                "pass": true,
                "fail": false,
                "pending": false,
                "code": "cy //insert formated email, but not exists\n.get('#staticEmail').type('ypedroso8@gmail.com') //insert correct pass\n.get('#inputPassword').type('123456789') //click submit\n.get('.btn').click() //expect message error\n.get('.alert').should('be.visible') //with this value\n.contains('Conta não existe');",
                "err": {},
                "isRoot": false,
                "uuid": "3f673260-877c-42ef-97c5-04f507e24aba",
                "isHook": false,
                "skipped": false
              },
              {
                "title": "/spy Teste",
                "fullTitle": "Teste VueJS - Fluxo Alternativo Conta_n_existe /spy Teste",
                "duration": 571,
                "state": "failed",
                "pass": false,
                "fail": true,
                "pending": false,
                "code": "cy.spy(login, 'entrar');\nApp.start();\nexpect(util.addListeners).to.be.called;",
                "err": {
                  "message": "ReferenceError: login is not defined",
                  "estack": "ReferenceError: login is not defined\n    at Context.<anonymous> (http://localhost:8080/__cypress/tests?p=cypress/integration/AZ_Example.spec.js-070:76:14)"
                },
                "isRoot": false,
                "uuid": "ea9786ab-b35b-40aa-bc84-787dd7d21d8d",
                "isHook": false,
                "skipped": false
              }
            ],
            "suites": [],
            "passes": [
              "3f673260-877c-42ef-97c5-04f507e24aba"
            ],
            "failures": [
              "ea9786ab-b35b-40aa-bc84-787dd7d21d8d"
            ],
            "pending": [],
            "skipped": [],
            "duration": 1746,
            "root": false,
            "rootEmpty": false,
            "_timeout": 2000
          },
          {
            "uuid": "debe0418-77b4-4b0a-80ba-e9712848b9f6",
            "title": "Viewport",
            "fullFile": "",
            "file": "",
            "beforeHooks": [],
            "afterHooks": [],
            "tests": [
              {
                "title": "/Resize",
                "fullTitle": "Teste VueJS - Fluxo Alternativo Viewport /Resize",
                "duration": 11865,
                "state": "passed",
                "speed": "slow",
                "pass": true,
                "fail": false,
                "pending": false,
                "code": "cy.viewport(2999, 2999);\ncy.viewport('macbook-15');\ncy.screenshot();\ncy.wait(200);\ncy.viewport('macbook-13');\ncy.screenshot();\ncy.wait(200);\ncy.viewport('macbook-11');\ncy.screenshot();\ncy.wait(200);\ncy.viewport('ipad-2');\ncy.screenshot();\ncy.wait(200);\ncy.viewport('ipad-mini');\ncy.screenshot();\ncy.wait(200);\ncy.viewport('iphone-6+');\ncy.screenshot();\ncy.wait(200);\ncy.viewport('iphone-6');\ncy.screenshot();\ncy.wait(200);\ncy.viewport('iphone-5');\ncy.screenshot();\ncy.wait(200);\ncy.viewport('iphone-4');\ncy.screenshot();\ncy.wait(200);\ncy.viewport('iphone-3');\ncy.screenshot();\ncy.wait(200); // cy.viewport() accepts an orientation for all presets\n// the default orientation is 'portrait'\ncy.viewport('ipad-2', 'portrait');\ncy.screenshot();\ncy.wait(200);\ncy.viewport('iphone-4', 'landscape');\ncy.screenshot();\ncy.wait(200);",
                "err": {},
                "isRoot": false,
                "uuid": "d649b198-0f23-418b-8c6d-bac29d739534",
                "isHook": false,
                "skipped": false
              }
            ],
            "suites": [],
            "passes": [
              "d649b198-0f23-418b-8c6d-bac29d739534"
            ],
            "failures": [],
            "pending": [],
            "skipped": [],
            "duration": 11865,
            "root": false,
            "rootEmpty": false,
            "_timeout": 2000
          }
        ],
        "passes": [],
        "failures": [],
        "pending": [],
        "skipped": [],
        "duration": 0,
        "root": false,
        "rootEmpty": false,
        "_timeout": 2000
      }
    ],
    "passes": [],
    "failures": [],
    "pending": [],
    "skipped": [],
    "duration": 0,
    "root": true,
    "rootEmpty": true,
    "_timeout": 2000
  },
  "copyrightYear": 2018
}