{
  "stats": {
    "suites": 8,
    "tests": 8,
    "passes": 6,
    "pending": 0,
    "failures": 2,
    "start": "2018-09-05T23:21:53.244Z",
    "end": "2018-09-05T23:22:18.322Z",
    "duration": 25078,
    "testsRegistered": 8,
    "passPercent": 75,
    "pendingPercent": 0,
    "other": 0,
    "hasOther": false,
    "skipped": 0,
    "hasSkipped": false,
    "passPercentClass": "warning",
    "pendingPercentClass": "danger"
  },
  "suites": {
    "uuid": "c40fec18-d195-4c12-8aba-170473b40064",
    "title": "",
    "fullFile": "",
    "file": "",
    "beforeHooks": [],
    "afterHooks": [],
    "tests": [],
    "suites": [
      {
        "uuid": "4f7749d4-6bd5-4502-9b88-294e7d164823",
        "title": "Teste localhost VueJS",
        "fullFile": "",
        "file": "",
        "beforeHooks": [],
        "afterHooks": [],
        "tests": [],
        "suites": [
          {
            "uuid": "926056f1-1512-4f0c-a768-c1c90bccc064",
            "title": "/Login_pass",
            "fullFile": "",
            "file": "",
            "beforeHooks": [],
            "afterHooks": [],
            "tests": [
              {
                "title": "/Email_correto",
                "fullTitle": "Teste localhost VueJS /Login_pass /Email_correto",
                "duration": 4396,
                "state": "passed",
                "speed": "slow",
                "pass": true,
                "fail": false,
                "pending": false,
                "code": "//Conta Email:admin@gmail.com pass: 123456789\ncy //insert correct email\n.get('#staticEmail').type('admin@gmail.com') //click submit\n.get('.btn').click() //verify log out button\n.get(':nth-child(1) > #passwordHelp').should('be.visible') //verify span error\n.contains('O formato do email está correto');",
                "err": {},
                "isRoot": false,
                "uuid": "ad50609e-52fa-4a4b-8671-3cd09dcfe148",
                "isHook": false,
                "skipped": false
              },
              {
                "title": "/Senha_Correta",
                "fullTitle": "Teste localhost VueJS /Login_pass /Senha_Correta",
                "duration": 716,
                "state": "passed",
                "speed": "slow",
                "pass": true,
                "fail": false,
                "pending": false,
                "code": "cy //insert correct pass\n.get('#inputPassword').type('123456789') //click submit\n.get('.btn').click() //verify span error\n.get('#passwordHelp').should('be.visible');",
                "err": {},
                "isRoot": false,
                "uuid": "d45ebee3-bc3e-42e5-8b5d-eec1ebbc5cb7",
                "isHook": false,
                "skipped": false
              }
            ],
            "suites": [],
            "passes": [
              "ad50609e-52fa-4a4b-8671-3cd09dcfe148",
              "d45ebee3-bc3e-42e5-8b5d-eec1ebbc5cb7"
            ],
            "failures": [],
            "pending": [],
            "skipped": [],
            "duration": 5112,
            "root": false,
            "rootEmpty": false,
            "_timeout": 2000
          }
        ],
        "passes": [],
        "failures": [],
        "pending": [],
        "skipped": [],
        "duration": 0,
        "root": false,
        "rootEmpty": false,
        "_timeout": 2000
      },
      {
        "uuid": "eab07751-92a7-4a74-85ae-57e67e1e30a8",
        "title": "Teste VueJS - Fluxo Alternativo",
        "fullFile": "",
        "file": "",
        "beforeHooks": [],
        "afterHooks": [],
        "tests": [],
        "suites": [
          {
            "uuid": "6b7a6786-279b-43db-a801-e4e2aae4d0e3",
            "title": "/Login_fail_campos_vazios",
            "fullFile": "",
            "file": "",
            "beforeHooks": [],
            "afterHooks": [],
            "tests": [
              {
                "title": "/Email_vazio",
                "fullTitle": "Teste VueJS - Fluxo Alternativo /Login_fail_campos_vazios /Email_vazio",
                "duration": 3568,
                "state": "passed",
                "speed": "slow",
                "pass": true,
                "fail": false,
                "pending": false,
                "code": "cy //insert empty email\n.get('#staticEmail').type('aa') //clear values from email\n.clear() //click submit\n.get('.btn').click() //expect message error\n.get(':nth-child(1) > #passwordHelp').should('be.visible') //with this value\n.contains('O email está vazio');",
                "err": {},
                "isRoot": false,
                "uuid": "dc15b803-7577-443c-b525-1f74b55c797a",
                "isHook": false,
                "skipped": false
              },
              {
                "title": "/Senha_vazia",
                "fullTitle": "Teste VueJS - Fluxo Alternativo /Login_fail_campos_vazios /Senha_vazia",
                "duration": 4501,
                "state": "failed",
                "pass": false,
                "fail": true,
                "pending": false,
                "code": "cy //insert empty pass\n.get('#inputPassword') //click submit\n.get('.btn').click() //expect message error\n.get('#passwordHelp').should('be.visible') //with this value\n.contains('A senha está vazio');",
                "err": {
                  "message": "CypressError: Timed out retrying: Expected to find content: 'A senha está vazio' within the element: <small#passwordHelp.form-text.text-success.active.text-danger> but never did.",
                  "estack": "CypressError: Timed out retrying: Expected to find content: 'A senha está vazio' within the element: <small#passwordHelp.form-text.text-success.active.text-danger> but never did.\n    at Object.cypressErr (http://localhost:8080/__cypress/runner/cypress_runner.js:68040:11)\n    at Object.throwErr (http://localhost:8080/__cypress/runner/cypress_runner.js:68005:18)\n    at Object.throwErrByPath (http://localhost:8080/__cypress/runner/cypress_runner.js:68032:17)\n    at retry (http://localhost:8080/__cypress/runner/cypress_runner.js:61785:16)\n    at http://localhost:8080/__cypress/runner/cypress_runner.js:53903:18\n    at tryCatcher (http://localhost:8080/__cypress/runner/cypress_runner.js:7091:23)\n    at Promise._settlePromiseFromHandler (http://localhost:8080/__cypress/runner/cypress_runner.js:5113:31)\n    at Promise._settlePromise (http://localhost:8080/__cypress/runner/cypress_runner.js:5170:18)\n    at Promise._settlePromise0 (http://localhost:8080/__cypress/runner/cypress_runner.js:5215:10)\n    at Promise._settlePromises (http://localhost:8080/__cypress/runner/cypress_runner.js:5290:18)\n    at Async._drainQueue (http://localhost:8080/__cypress/runner/cypress_runner.js:2023:16)\n    at Async._drainQueues (http://localhost:8080/__cypress/runner/cypress_runner.js:2033:10)\n    at Async.drainQueues (http://localhost:8080/__cypress/runner/cypress_runner.js:1907:14)\n    at <anonymous>"
                },
                "isRoot": false,
                "uuid": "270b1e6a-87c5-4e21-b03f-d7f419642b5c",
                "isHook": false,
                "skipped": false
              }
            ],
            "suites": [],
            "passes": [
              "dc15b803-7577-443c-b525-1f74b55c797a"
            ],
            "failures": [
              "270b1e6a-87c5-4e21-b03f-d7f419642b5c"
            ],
            "pending": [],
            "skipped": [],
            "duration": 8069,
            "root": false,
            "rootEmpty": false,
            "_timeout": 2000
          },
          {
            "uuid": "9a8fee33-98ed-4325-9877-53949c7984dd",
            "title": "/Login_fail",
            "fullFile": "",
            "file": "",
            "beforeHooks": [],
            "afterHooks": [],
            "tests": [
              {
                "title": "/Email_n_formatado",
                "fullTitle": "Teste VueJS - Fluxo Alternativo /Login_fail /Email_n_formatado",
                "duration": 3467,
                "state": "passed",
                "speed": "slow",
                "pass": true,
                "fail": false,
                "pending": false,
                "code": "cy //insert not formated email\n.get('#staticEmail').type('aa') //click submit\n.get('.btn').click() //expect message error\n.get(':nth-child(1) > #passwordHelp').should('be.visible') //with this value\n.contains('O formato do email está incorreto');",
                "err": {},
                "isRoot": false,
                "uuid": "07f6c0f3-a3fd-449c-9abd-a0d417ac02ec",
                "isHook": false,
                "skipped": false
              },
              {
                "title": "/Senha_menor_8",
                "fullTitle": "Teste VueJS - Fluxo Alternativo /Login_fail /Senha_menor_8",
                "duration": 4674,
                "state": "failed",
                "pass": false,
                "fail": true,
                "pending": false,
                "code": "cy //insert pass with 6 elements, expect 8\n.get('#inputPassword').type('123456') //click submit\n.get('.btn').click() //expect message error\n.get('#passwordHelp').should('be.visible') //with this value\n.contains('A senha deve conter mais de 8 caracteres');",
                "err": {
                  "message": "CypressError: Timed out retrying: Expected to find content: 'A senha deve conter mais de 8 caracteres' within the element: <small#passwordHelp.form-text.text-success.active.text-danger> but never did.",
                  "estack": "CypressError: Timed out retrying: Expected to find content: 'A senha deve conter mais de 8 caracteres' within the element: <small#passwordHelp.form-text.text-success.active.text-danger> but never did.\n    at Object.cypressErr (http://localhost:8080/__cypress/runner/cypress_runner.js:68040:11)\n    at Object.throwErr (http://localhost:8080/__cypress/runner/cypress_runner.js:68005:18)\n    at Object.throwErrByPath (http://localhost:8080/__cypress/runner/cypress_runner.js:68032:17)\n    at retry (http://localhost:8080/__cypress/runner/cypress_runner.js:61785:16)\n    at http://localhost:8080/__cypress/runner/cypress_runner.js:53903:18\n    at tryCatcher (http://localhost:8080/__cypress/runner/cypress_runner.js:7091:23)\n    at Promise._settlePromiseFromHandler (http://localhost:8080/__cypress/runner/cypress_runner.js:5113:31)\n    at Promise._settlePromise (http://localhost:8080/__cypress/runner/cypress_runner.js:5170:18)\n    at Promise._settlePromise0 (http://localhost:8080/__cypress/runner/cypress_runner.js:5215:10)\n    at Promise._settlePromises (http://localhost:8080/__cypress/runner/cypress_runner.js:5290:18)\n    at Async._drainQueue (http://localhost:8080/__cypress/runner/cypress_runner.js:2023:16)\n    at Async._drainQueues (http://localhost:8080/__cypress/runner/cypress_runner.js:2033:10)\n    at Async.drainQueues (http://localhost:8080/__cypress/runner/cypress_runner.js:1907:14)\n    at <anonymous>"
                },
                "isRoot": false,
                "uuid": "213656f7-3f4e-442d-b82d-a7d85ed575b5",
                "isHook": false,
                "skipped": false
              }
            ],
            "suites": [],
            "passes": [
              "07f6c0f3-a3fd-449c-9abd-a0d417ac02ec"
            ],
            "failures": [
              "213656f7-3f4e-442d-b82d-a7d85ed575b5"
            ],
            "pending": [],
            "skipped": [],
            "duration": 8141,
            "root": false,
            "rootEmpty": false,
            "_timeout": 2000
          },
          {
            "uuid": "6a1efd04-79cc-4e85-bdf0-c92222e6c310",
            "title": "Conta_n_existe",
            "fullFile": "",
            "file": "",
            "beforeHooks": [],
            "afterHooks": [],
            "tests": [
              {
                "title": "/Email_n_formatado",
                "fullTitle": "Teste VueJS - Fluxo Alternativo Conta_n_existe /Email_n_formatado",
                "duration": 862,
                "state": "passed",
                "speed": "slow",
                "pass": true,
                "fail": false,
                "pending": false,
                "code": "cy //insert formated email, but not exists\n.get('#staticEmail').type('ypedroso8@gmail.com') //insert correct pass\n.get('#inputPassword').type('123456789') //click submit\n.get('.btn').click() //expect message error\n.get('.alert').should('be.visible') //with this value\n.contains('Conta não existe');",
                "err": {},
                "isRoot": false,
                "uuid": "436bfdc9-cc75-4701-9de1-bf3468275430",
                "isHook": false,
                "skipped": false
              }
            ],
            "suites": [],
            "passes": [
              "436bfdc9-cc75-4701-9de1-bf3468275430"
            ],
            "failures": [],
            "pending": [],
            "skipped": [],
            "duration": 862,
            "root": false,
            "rootEmpty": false,
            "_timeout": 2000
          }
        ],
        "passes": [],
        "failures": [],
        "pending": [],
        "skipped": [],
        "duration": 0,
        "root": false,
        "rootEmpty": false,
        "_timeout": 2000
      },
      {
        "uuid": "d8f104e7-1eb3-48a4-8c79-53daa89728bf",
        "title": "Teste VueJS - Login",
        "fullFile": "",
        "file": "",
        "beforeHooks": [],
        "afterHooks": [],
        "tests": [],
        "suites": [
          {
            "uuid": "ab904afa-5f6a-47e9-ba10-73e6bbce14c6",
            "title": "/Login_pass_access_index",
            "fullFile": "",
            "file": "",
            "beforeHooks": [],
            "afterHooks": [],
            "tests": [
              {
                "title": "/Login_index",
                "fullTitle": "Teste VueJS - Login /Login_pass_access_index /Login_index",
                "duration": 1034,
                "state": "passed",
                "speed": "slow",
                "pass": true,
                "fail": false,
                "pending": false,
                "code": "cy //insert correct email\n.get('#staticEmail').type('admin@gmail.com') //and correct pass\n.get('#inputPassword').type('123456789') //click submit\n.get('.btn').click() //expect button sair be visible\n.get('#sair').should('be.visible') //expect list of movies\n.get('.list-group').should('be.visible'); //click link\ncy.get('.col-3 > #example-2').should('be.visible').contains('Vingadores: Guerra Infinita');",
                "err": {},
                "isRoot": false,
                "uuid": "17c0c385-d83e-490b-8853-f91db0b9ffc2",
                "isHook": false,
                "skipped": false
              }
            ],
            "suites": [],
            "passes": [
              "17c0c385-d83e-490b-8853-f91db0b9ffc2"
            ],
            "failures": [],
            "pending": [],
            "skipped": [],
            "duration": 1034,
            "root": false,
            "rootEmpty": false,
            "_timeout": 2000
          }
        ],
        "passes": [],
        "failures": [],
        "pending": [],
        "skipped": [],
        "duration": 0,
        "root": false,
        "rootEmpty": false,
        "_timeout": 2000
      }
    ],
    "passes": [],
    "failures": [],
    "pending": [],
    "skipped": [],
    "duration": 0,
    "root": true,
    "rootEmpty": true,
    "_timeout": 2000
  },
  "copyrightYear": 2018
}